<?xml version="1.0" encoding="UTF-8"?>
<!-- Generated by org.testng.reporters.JUnitReportReporter -->
<testsuite hostname="HP" name="demo.TestNGGroupsDemo" tests="5" failures="0" timestamp="27 Nov 2020 11:50:34 GMT" time="0.064" errors="0">
  <testcase name="test4" time="0.000" classname="demo.TestNGGroupsDemo"/>
  <testcase name="test1" time="0.032" classname="demo.TestNGGroupsDemo"/>
  <testcase name="test5" time="0.000" classname="demo.TestNGGroupsDemo"/>
  <testcase name="test3" time="0.016" classname="demo.TestNGGroupsDemo"/>
  <testcase name="test2" time="0.016" classname="demo.TestNGGroupsDemo"/>
</testsuite> <!-- demo.TestNGGroupsDemo -->
