<?xml version="1.0" encoding="UTF-8"?>
<!-- Generated by org.testng.reporters.JUnitReportReporter -->
<testsuite hostname="HP" name="demo.TestNGParametersDemo" tests="1" failures="0" timestamp="27 Nov 2020 15:52:18 GMT" time="0.031" errors="0">
  <testcase name="test" time="0.031" classname="demo.TestNGParametersDemo"/>
</testsuite> <!-- demo.TestNGParametersDemo -->
