<?xml version="1.0" encoding="UTF-8"?>
<!-- Generated by org.testng.reporters.JUnitReportReporter -->
<testsuite hostname="HP" name="utils.ExcelDataProvider" tests="3" failures="0" timestamp="26 Nov 2020 14:47:17 GMT" time="8.917" errors="0">
  <testcase name="test" time="0.915" classname="utils.ExcelDataProvider"/>
  <testcase name="test" time="0.897" classname="utils.ExcelDataProvider"/>
  <testcase name="test" time="7.105" classname="utils.ExcelDataProvider"/>
</testsuite> <!-- utils.ExcelDataProvider -->
