<?xml version="1.0" encoding="UTF-8"?>
<!-- Generated by org.testng.reporters.JUnitReportReporter -->
<testsuite hostname="HP" name="demo.TestNGDependencyDemo" tests="3" failures="0" timestamp="27 Nov 2020 16:04:19 GMT" time="0.062" errors="0">
  <testcase name="test3" time="0.015" classname="demo.TestNGDependencyDemo"/>
  <testcase name="test1" time="0.031" classname="demo.TestNGDependencyDemo"/>
  <testcase name="test2" time="0.016" classname="demo.TestNGDependencyDemo"/>
</testsuite> <!-- demo.TestNGDependencyDemo -->
